2000-08-01
2000-08-31
Start date =2000-08
month2 is =09
year2 is =2001
End date =2000-09
importing isobath mask
importing T_adx and T_ady
Daily data being calculated for month =  ...
<xarray.DataArray 'time' (time: 31)>
array([cftime.DatetimeNoLeap(2000, 8, 1, 12, 0, 0, 0, has_year_zero=True),
       cftime.DatetimeNoLeap(2000, 8, 2, 12, 0, 0, 0, has_year_zero=True),
       cftime.DatetimeNoLeap(2000, 8, 3, 12, 0, 0, 0, has_year_zero=True),
       cftime.DatetimeNoLeap(2000, 8, 4, 12, 0, 0, 0, has_year_zero=True),
       cftime.DatetimeNoLeap(2000, 8, 5, 12, 0, 0, 0, has_year_zero=True),
       cftime.DatetimeNoLeap(2000, 8, 6, 12, 0, 0, 0, has_year_zero=True),
       cftime.DatetimeNoLeap(2000, 8, 7, 12, 0, 0, 0, has_year_zero=True),
       cftime.DatetimeNoLeap(2000, 8, 8, 12, 0, 0, 0, has_year_zero=True),
       cftime.DatetimeNoLeap(2000, 8, 9, 12, 0, 0, 0, has_year_zero=True),
       cftime.DatetimeNoLeap(2000, 8, 10, 12, 0, 0, 0, has_year_zero=True),
       cftime.DatetimeNoLeap(2000, 8, 11, 12, 0, 0, 0, has_year_zero=True),
       cftime.DatetimeNoLeap(2000, 8, 12, 12, 0, 0, 0, has_year_zero=True),
       cftime.DatetimeNoLeap(2000, 8, 13, 12, 0, 0, 0, has_year_zero=True),
       cftime.DatetimeNoLeap(2000, 8, 14, 12, 0, 0, 0, has_year_zero=True),
       cftime.DatetimeNoLeap(2000, 8, 15, 12, 0, 0, 0, has_year_zero=True),
       cftime.DatetimeNoLeap(2000, 8, 16, 12, 0, 0, 0, has_year_zero=True),
       cftime.DatetimeNoLeap(2000, 8, 17, 12, 0, 0, 0, has_year_zero=True),
       cftime.DatetimeNoLeap(2000, 8, 18, 12, 0, 0, 0, has_year_zero=True),
       cftime.DatetimeNoLeap(2000, 8, 19, 12, 0, 0, 0, has_year_zero=True),
       cftime.DatetimeNoLeap(2000, 8, 20, 12, 0, 0, 0, has_year_zero=True),
       cftime.DatetimeNoLeap(2000, 8, 21, 12, 0, 0, 0, has_year_zero=True),
       cftime.DatetimeNoLeap(2000, 8, 22, 12, 0, 0, 0, has_year_zero=True),
       cftime.DatetimeNoLeap(2000, 8, 23, 12, 0, 0, 0, has_year_zero=True),
       cftime.DatetimeNoLeap(2000, 8, 24, 12, 0, 0, 0, has_year_zero=True),
       cftime.DatetimeNoLeap(2000, 8, 25, 12, 0, 0, 0, has_year_zero=True),
       cftime.DatetimeNoLeap(2000, 8, 26, 12, 0, 0, 0, has_year_zero=True),
       cftime.DatetimeNoLeap(2000, 8, 27, 12, 0, 0, 0, has_year_zero=True),
       cftime.DatetimeNoLeap(2000, 8, 28, 12, 0, 0, 0, has_year_zero=True),
       cftime.DatetimeNoLeap(2000, 8, 29, 12, 0, 0, 0, has_year_zero=True),
       cftime.DatetimeNoLeap(2000, 8, 30, 12, 0, 0, 0, has_year_zero=True),
       cftime.DatetimeNoLeap(2000, 8, 31, 12, 0, 0, 0, has_year_zero=True)],
      dtype=object)
Coordinates:
  * time     (time) object 2000-08-01 12:00:00 ... 2000-08-31 12:00:00
Attributes:
    long_name:      time
    axis:           T
    calendar_type:  NOLEAP
    bounds:         time_bnds
Removing freezing point heat transport
number of days in the current month = 31
Binning...
Calculating Zonal heat convergence
Finished successful
2023-10-10 13:18:06,004 - tornado.application - ERROR - Exception in callback <bound method Client._heartbeat of <Client: 'tcp://127.0.0.1:38601' processes=0 threads=0, memory=0 B>>
Traceback (most recent call last):
  File "/g/data/hh5/public/apps/miniconda3/envs/analysis3-22.04/lib/python3.9/site-packages/tornado/ioloop.py", line 905, in _run
    return self.callback()
  File "/g/data/hh5/public/apps/miniconda3/envs/analysis3-22.04/lib/python3.9/site-packages/distributed/client.py", line 1339, in _heartbeat
    self.scheduler_comm.send({"op": "heartbeat-client"})
  File "/g/data/hh5/public/apps/miniconda3/envs/analysis3-22.04/lib/python3.9/site-packages/distributed/batched.py", line 140, in send
    raise CommClosedError(f"Comm {self.comm!r} already closed.")
distributed.comm.core.CommClosedError: Comm <TCP (closed) Client->Scheduler local=tcp://127.0.0.1:51140 remote=tcp://127.0.0.1:38601> already closed.
