2000-12-01
2000-12-31
Start date =2000-12
month2 is =13
year2 is =2001
End date =2000-13
importing isobath mask
importing T_adx and T_ady
Traceback (most recent call last):
  File "/g/data/v45/wf4500/Project_panan/GH/Panan_HT_ASC/Python/Panan_CSHT.py", line 134, in <module>
    temp_xflux = cc.querying.getvar(exp,'T_adx_2d',session,ncfile='%daily%',start_time=start_time,end_time=end_time).sel(time=slice(start_time,end_time))
  File "/home/156/wf4500/.local/lib/python3.9/site-packages/xarray/core/dataarray.py", line 1524, in sel
    ds = self._to_temp_dataset().sel(
  File "/home/156/wf4500/.local/lib/python3.9/site-packages/xarray/core/dataset.py", line 2572, in sel
    query_results = map_index_queries(
  File "/home/156/wf4500/.local/lib/python3.9/site-packages/xarray/core/indexing.py", line 183, in map_index_queries
    results.append(index.sel(labels, **options))
  File "/home/156/wf4500/.local/lib/python3.9/site-packages/xarray/core/indexes.py", line 435, in sel
    indexer = _query_slice(self.index, label, coord_name, method, tolerance)
  File "/home/156/wf4500/.local/lib/python3.9/site-packages/xarray/core/indexes.py", line 200, in _query_slice
    indexer = index.slice_indexer(
  File "/home/156/wf4500/.local/lib/python3.9/site-packages/pandas/core/indexes/base.py", line 6559, in slice_indexer
    start_slice, end_slice = self.slice_locs(start, end, step=step)
  File "/home/156/wf4500/.local/lib/python3.9/site-packages/pandas/core/indexes/base.py", line 6773, in slice_locs
    end_slice = self.get_slice_bound(end, "right")
  File "/home/156/wf4500/.local/lib/python3.9/site-packages/pandas/core/indexes/base.py", line 6676, in get_slice_bound
    label = self._maybe_cast_slice_bound(label, side)
  File "/home/156/wf4500/.local/lib/python3.9/site-packages/xarray/coding/cftimeindex.py", line 484, in _maybe_cast_slice_bound
    parsed, resolution = _parse_iso8601_with_reso(self.date_type, label)
  File "/home/156/wf4500/.local/lib/python3.9/site-packages/xarray/coding/cftimeindex.py", line 141, in _parse_iso8601_with_reso
    return default.replace(**replace), resolution
  File "src/cftime/_cftime.pyx", line 1321, in cftime._cftime.datetime.replace
  File "src/cftime/_cftime.pyx", line 2074, in cftime._cftime.DatetimeNoLeap.__init__
  File "src/cftime/_cftime.pyx", line 1162, in cftime._cftime.datetime.__init__
  File "src/cftime/_cftime.pyx", line 1752, in cftime._cftime.assert_valid_date
ValueError: invalid month provided in cftime.DatetimeNoLeap(2000, 13, 1, 0, 0, 0, 0, has_year_zero=True)
